0 info it worked if it ends with ok
1 verbose cli [ '/Users/studentIvan/.nvm/versions/node/v6.7.0/bin/node',
1 verbose cli   '/Users/studentIvan/.nvm/versions/node/v6.7.0/bin/npm',
1 verbose cli   'install',
1 verbose cli   'bootstrap-sass' ]
2 info using npm@3.10.3
3 info using node@v6.7.0
4 verbose config Skipping project config: /Users/studentIvan/.npmrc. (matches userconfig)
5 silly loadCurrentTree Starting
6 silly install loadCurrentTree
7 silly install readLocalPackageData
8 silly fetchPackageMetaData bootstrap-sass
9 silly fetchNamedPackageData bootstrap-sass
10 silly mapToRegistry name bootstrap-sass
11 silly mapToRegistry using default registry
12 silly mapToRegistry registry https://registry.npmjs.org/
13 silly mapToRegistry data Result {
13 silly mapToRegistry   raw: 'bootstrap-sass',
13 silly mapToRegistry   scope: null,
13 silly mapToRegistry   escapedName: 'bootstrap-sass',
13 silly mapToRegistry   name: 'bootstrap-sass',
13 silly mapToRegistry   rawSpec: '',
13 silly mapToRegistry   spec: 'latest',
13 silly mapToRegistry   type: 'tag' }
14 silly mapToRegistry uri https://registry.npmjs.org/bootstrap-sass
15 verbose request uri https://registry.npmjs.org/bootstrap-sass
16 verbose request no auth needed
17 info attempt registry request try #1 at 16:17:45
18 verbose request using bearer token for auth
19 verbose request id d55d82971e5ea9d2
20 http request GET https://registry.npmjs.org/bootstrap-sass
21 http 200 https://registry.npmjs.org/bootstrap-sass
22 verbose headers { server: 'nginx/1.10.1',
22 verbose headers   'content-type': 'application/json',
22 verbose headers   'last-modified': 'Tue, 13 Dec 2016 04:49:46 GMT',
22 verbose headers   etag: 'W/"584f7dea-7083"',
22 verbose headers   'content-encoding': 'gzip',
22 verbose headers   'cache-control': 'max-age=300',
22 verbose headers   'transfer-encoding': 'chunked',
22 verbose headers   'accept-ranges': 'bytes',
22 verbose headers   date: 'Wed, 14 Dec 2016 12:17:45 GMT',
22 verbose headers   via: '1.1 varnish',
22 verbose headers   connection: 'keep-alive',
22 verbose headers   'x-served-by': 'cache-bma7032-BMA',
22 verbose headers   'x-cache': 'MISS',
22 verbose headers   'x-cache-hits': '0',
22 verbose headers   'x-timer': 'S1481717865.626145,VS0,VE24',
22 verbose headers   vary: 'Accept-Encoding' }
23 silly get cb [ 200,
23 silly get   { server: 'nginx/1.10.1',
23 silly get     'content-type': 'application/json',
23 silly get     'last-modified': 'Tue, 13 Dec 2016 04:49:46 GMT',
23 silly get     etag: 'W/"584f7dea-7083"',
23 silly get     'content-encoding': 'gzip',
23 silly get     'cache-control': 'max-age=300',
23 silly get     'transfer-encoding': 'chunked',
23 silly get     'accept-ranges': 'bytes',
23 silly get     date: 'Wed, 14 Dec 2016 12:17:45 GMT',
23 silly get     via: '1.1 varnish',
23 silly get     connection: 'keep-alive',
23 silly get     'x-served-by': 'cache-bma7032-BMA',
23 silly get     'x-cache': 'MISS',
23 silly get     'x-cache-hits': '0',
23 silly get     'x-timer': 'S1481717865.626145,VS0,VE24',
23 silly get     vary: 'Accept-Encoding' } ]
24 verbose get saving bootstrap-sass to /Users/studentIvan/.npm/registry.npmjs.org/bootstrap-sass/.cache.json
25 verbose correctMkdir /Users/studentIvan/.npm correctMkdir not in flight; initializing
26 silly install normalizeTree
27 silly loadCurrentTree Finishing
28 silly loadIdealTree Starting
29 silly install loadIdealTree
30 silly cloneCurrentTree Starting
31 silly install cloneCurrentTreeToIdealTree
32 silly cloneCurrentTree Finishing
33 silly loadShrinkwrap Starting
34 silly install loadShrinkwrap
35 silly loadShrinkwrap Finishing
36 silly loadAllDepsIntoIdealTree Starting
37 silly install loadAllDepsIntoIdealTree
38 silly resolveWithNewModule bootstrap-sass@3.3.7 checking installable status
39 silly cache add args [ 'bootstrap-sass', null ]
40 verbose cache add spec bootstrap-sass
41 silly cache add parsed spec Result {
41 silly cache add   raw: 'bootstrap-sass',
41 silly cache add   scope: null,
41 silly cache add   escapedName: 'bootstrap-sass',
41 silly cache add   name: 'bootstrap-sass',
41 silly cache add   rawSpec: '',
41 silly cache add   spec: 'latest',
41 silly cache add   type: 'tag' }
42 silly addNamed bootstrap-sass@latest
43 verbose addNamed "latest" is being treated as a dist-tag for bootstrap-sass
44 info addNameTag [ 'bootstrap-sass', 'latest' ]
45 silly mapToRegistry name bootstrap-sass
46 silly mapToRegistry using default registry
47 silly mapToRegistry registry https://registry.npmjs.org/
48 silly mapToRegistry data Result {
48 silly mapToRegistry   raw: 'bootstrap-sass',
48 silly mapToRegistry   scope: null,
48 silly mapToRegistry   escapedName: 'bootstrap-sass',
48 silly mapToRegistry   name: 'bootstrap-sass',
48 silly mapToRegistry   rawSpec: '',
48 silly mapToRegistry   spec: 'latest',
48 silly mapToRegistry   type: 'tag' }
49 silly mapToRegistry uri https://registry.npmjs.org/bootstrap-sass
50 verbose addNameTag registry:https://registry.npmjs.org/bootstrap-sass not in flight; fetching
51 verbose get https://registry.npmjs.org/bootstrap-sass not expired, no request
52 silly addNameTag next cb for bootstrap-sass with tag latest
53 silly addNamed bootstrap-sass@3.3.7
54 verbose addNamed "3.3.7" is a plain semver version for bootstrap-sass
55 silly mapToRegistry name bootstrap-sass
56 silly mapToRegistry using default registry
57 silly mapToRegistry registry https://registry.npmjs.org/
58 silly mapToRegistry data Result {
58 silly mapToRegistry   raw: 'bootstrap-sass',
58 silly mapToRegistry   scope: null,
58 silly mapToRegistry   escapedName: 'bootstrap-sass',
58 silly mapToRegistry   name: 'bootstrap-sass',
58 silly mapToRegistry   rawSpec: '',
58 silly mapToRegistry   spec: 'latest',
58 silly mapToRegistry   type: 'tag' }
59 silly mapToRegistry uri https://registry.npmjs.org/bootstrap-sass
60 verbose addRemoteTarball https://registry.npmjs.org/bootstrap-sass/-/bootstrap-sass-3.3.7.tgz not in flight; adding
61 verbose addRemoteTarball [ 'https://registry.npmjs.org/bootstrap-sass/-/bootstrap-sass-3.3.7.tgz',
61 verbose addRemoteTarball   '6596c7ab40f6637393323ab0bc80d064fc630498' ]
62 info retry fetch attempt 1 at 16:17:45
63 info attempt registry request try #1 at 16:17:45
64 http fetch GET https://registry.npmjs.org/bootstrap-sass/-/bootstrap-sass-3.3.7.tgz
65 verbose request using bearer token for auth
66 http fetch 200 https://registry.npmjs.org/bootstrap-sass/-/bootstrap-sass-3.3.7.tgz
67 silly fetchAndShaCheck shasum 6596c7ab40f6637393323ab0bc80d064fc630498
68 verbose addTmpTarball /var/folders/wb/v29k7f4n1gnc1kln0rt1sq100000gp/T/npm-66261-fcffa33a/registry.npmjs.org/bootstrap-sass/-/bootstrap-sass-3.3.7.tgz not in flight; adding
69 verbose addTmpTarball already have metadata; skipping unpack for bootstrap-sass@3.3.7
70 verbose correctMkdir /Users/studentIvan/.npm correctMkdir not in flight; initializing
71 silly cache afterAdd bootstrap-sass@3.3.7
72 verbose afterAdd /Users/studentIvan/.npm/bootstrap-sass/3.3.7/package/package.json not in flight; writing
73 verbose correctMkdir /Users/studentIvan/.npm correctMkdir not in flight; initializing
74 verbose afterAdd /Users/studentIvan/.npm/bootstrap-sass/3.3.7/package/package.json written
75 silly loadAllDepsIntoIdealTree Finishing
76 silly loadIdealTree Finishing
77 silly currentTree studentIvan
78 silly idealTree studentIvan
78 silly idealTree └── bootstrap-sass@3.3.7
79 silly generateActionsToTake Starting
80 silly install generateActionsToTake
81 warn checkPermissions Missing write access to /Users/studentIvan/node_modules
82 silly rollbackFailedOptional Starting
83 silly rollbackFailedOptional Finishing
84 silly runTopLevelLifecycles Starting
85 silly runTopLevelLifecycles Finishing
86 silly install printInstalled
87 warn enoent ENOENT: no such file or directory, open '/Users/studentIvan/package.json'
88 warn studentIvan No description
89 warn studentIvan No repository field.
90 warn studentIvan No README data
91 warn studentIvan No license field.
92 verbose stack Error: EACCES: permission denied, access '/Users/studentIvan/node_modules'
92 verbose stack     at Error (native)
93 verbose cwd /Users/studentIvan/projects/studentivan.ru
94 error Darwin 16.1.0
95 error argv "/Users/studentIvan/.nvm/versions/node/v6.7.0/bin/node" "/Users/studentIvan/.nvm/versions/node/v6.7.0/bin/npm" "install" "bootstrap-sass"
96 error node v6.7.0
97 error npm  v3.10.3
98 error path /Users/studentIvan/node_modules
99 error code EACCES
100 error errno -13
101 error syscall access
102 error Error: EACCES: permission denied, access '/Users/studentIvan/node_modules'
102 error     at Error (native)
102 error  { Error: EACCES: permission denied, access '/Users/studentIvan/node_modules'
102 error     at Error (native)
102 error   errno: -13,
102 error   code: 'EACCES',
102 error   syscall: 'access',
102 error   path: '/Users/studentIvan/node_modules' }
103 error Please try running this command again as root/Administrator.
104 verbose exit [ -13, true ]
